-----------------------------------SYSTEM PARAMETERS---------------------------------
   System geometry:                                         film
   Domain in Angstroms:                                  50.0000 Angstrom
   Domain discretization:                                 0.5000 Angstrom
   Nodes across the domain:                                  100 nodes
   Temperature:                                         450.0000 K
   Pressure:                                              0.0000 atm
----------------------------------POLYMER PROPERTIES---------------------------------
   Chain characteristic ratio C_infinity:                 8.2656
   Bond length:                                           1.5400 Angstrom
   Monomer mass:                                         14.0000 g/mol
   Mass density:                                          0.7660 g/cm^3
--------------------------------SIMULATION PARAMETERS--------------------------------
   Output q:                                                   F
   Output chain shape:                                         F
   Output ads free:                                            F
   Field input file not specified.              
   Reading default field input file:            ./in.field.bin  
   Field error tolerance:                                 0.0000 J/k_BT
   Field mixing fraction:                            0.001000000
   *Edwards solver not set.. we will use the imp
   Maximum iterations:                                  10000000 iterations
   Spacing for chain contour discret:                    uniform
   Spacing for spatial discret:                          uniform
   Chain contour integration rule:                  Simpson rule
   Spatial integration rule:                      Recrangle rule
-------------------------------------MATRIX CHAINS-----------------------------------
   Chain contour discretization:                 0.250000000E+00 monomers
   Chain length:                                   100.000000000 monomers
   matrix boundary condition for lo edge:              Dirichlet q=0
   matrix boundary condition for hi edge:                Neumann (dq/dr=0)
------------------------------SETUP THE EQUATION OF STATE----------------------------
   The Helfand EoS was chosen with coeffs:      
   *Isothermal compressibility:                       0.1430E-08 Pa^-1
------------------------------------SETUP THE WALLS----------------------------------
   Coefficients of the square well potential:   
   *Energy barrier:                                      -1.0251 10^-20 J
   *Energy barrier:                                      -1.6500 kBT
   *sigma:                                                6.5000 Angstrom
   Side of the solid wall:                                    lo
   Position of the hard-sphere wall:                      2.0000 Angstrom
-----------------------------INITIALIZE THE SCF PARAMETERS---------------------------
   Matrix radious of gyration:                           18.0752 Angstrom
   Matrix nodes along chain contour:                         400 nodes
   molar density in bulk                              54714.2857 mol/m3
---------------------------------BEGIN THE SIMULATION--------------------------------
        Iteration    energy (mN/m)    error (k_B T)         gdens_lo         gdens_hi            nch_m          nch_glo          nch_ghi         fraction
                0   -0.5138549E+02    0.9981679E-08    0.0000000E+00    0.0000000E+00    0.1668869E-01    0.0000000E+00    0.0000000E+00    0.1000000E-02

Convergence of max field error   0.9981679E-08 k_B T
-------------------------------------FINAL OUTPUT------------------------------------
   Free energy:       -0.5138549E+02 mN/m
-------------------------------------MATRIX CHAINS-----------------------------------
   matrix chains:      0.1668869E-01 chains
